\BOOKMARK [0][-]{chapter.1}{\376\377\000S\000t\000r\000e\000s\000z\000c\000z\000e\000n\000i\000e}{}% 1
\BOOKMARK [1][-]{section.1.1}{\376\377\000S\000t\000r\000e\000s\000z\000c\000z\000e\000n\000i\000e\000\040\000p\000o\000\040\000p\000o\000l\000s\000k\000u}{chapter.1}% 2
\BOOKMARK [1][-]{section.1.2}{\376\377\000S\000u\000m\000m\000a\000r\000y\000\040\000i\000n\000\040\000e\000n\000g\000l\000i\000s\000h\000\040\000l\000a\000n\000g\000u\000a\000g\000e}{chapter.1}% 3
\BOOKMARK [0][-]{chapter.2}{\376\377\000Z\000a\001\102\000o\001\174\000e\000n\000i\000a\000\040\000p\000r\000o\000j\000e\000k\000t\000u}{}% 4
\BOOKMARK [1][-]{section.2.1}{\376\377\000W\000y\000m\000a\000g\000a\000n\000i\000a\000\040\000f\000u\000n\000k\000c\000j\000o\000n\000a\000l\000n\000e}{chapter.2}% 5
\BOOKMARK [2][-]{subsection.2.1.1}{\376\377\000P\000o\000z\000i\000o\000m\000\040\000a\000u\000t\000o\000r\000y\000z\000a\000c\000j\000i}{section.2.1}% 6
\BOOKMARK [2][-]{subsection.2.1.2}{\376\377\000R\000e\000z\000e\000r\000w\000a\000c\000j\000a\000\040\000m\000i\000e\000j\000s\000c\000a\000,\000\040\000s\000p\000r\000a\000w\000d\000z\000a\000n\000i\000e\000\040\000c\000e\000n\000n\000i\000k\000a\000,\000\040\000z\000m\000i\000e\000n\000i\000a\000n\000i\000e\000\040\000d\000a\000n\000y\000c\000h\000\040\000u\001\174\000y\000t\000k\000o\000w\000n\000i\000k\000a}{section.2.1}% 7
\BOOKMARK [2][-]{subsection.2.1.3}{\376\377\000F\000u\000n\000k\000c\000j\000e\000\040\000a\000d\000m\000i\000n\000i\000s\000t\000r\000a\000c\000y\000j\000n\000e}{section.2.1}% 8
\BOOKMARK [2][-]{subsection.2.1.4}{\376\377\000L\000o\000g\000i\000\040\000s\000e\000r\000w\000e\000r\000a\000\040\000w\000s\000z\000y\000s\000t\000k\000i\000c\000h\000\040\000i\000s\000t\000n\000i\000e\000j\001\005\000c\000y\000c\000h\000\040\000d\000a\000n\000y\000c\000h}{section.2.1}% 9
\BOOKMARK [1][-]{section.2.2}{\376\377\000W\000y\000m\000a\000g\000a\000n\000i\000a\000\040\000n\000i\000e\000f\000u\000n\000k\000c\000j\000o\000n\000a\000l\000n\000e}{chapter.2}% 10
\BOOKMARK [2][-]{subsection.2.2.1}{\376\377\000P\000o\000j\000e\000m\000n\000o\001\133\001\007}{section.2.2}% 11
\BOOKMARK [2][-]{subsection.2.2.2}{\376\377\000W\000y\000d\000a\000j\000n\000o\001\133\001\007}{section.2.2}% 12
\BOOKMARK [2][-]{subsection.2.2.3}{\376\377\001\132\000r\000o\000d\000o\000w\000i\000s\000k\000o}{section.2.2}% 13
\BOOKMARK [2][-]{subsection.2.2.4}{\376\377\000U\001\174\000y\000t\000e\000c\000z\000n\000o\001\133\001\007}{section.2.2}% 14
\BOOKMARK [2][-]{subsection.2.2.5}{\376\377\000S\000k\000a\000l\000o\000w\000a\000l\000n\000o\001\133\001\007}{section.2.2}% 15
\BOOKMARK [2][-]{subsection.2.2.6}{\376\377\000N\000i\000e\000z\000a\000w\000o\000d\000n\000o\001\133\001\007}{section.2.2}% 16
\BOOKMARK [0][-]{chapter.3}{\376\377\000O\000p\000i\000s\000\040\000s\000t\000r\000u\000k\000t\000u\000r\000y\000\040\000p\000r\000o\000j\000e\000k\000t\000u}{}% 17
\BOOKMARK [1][-]{section.3.1}{\376\377\000S\000t\000r\000u\000k\000t\000u\000r\000a\000\040\000p\000r\000o\000j\000e\000k\000t\000u}{chapter.3}% 18
\BOOKMARK [1][-]{section.3.2}{\376\377\000T\000e\000c\000h\000n\000o\000l\000o\000g\000i\000e}{chapter.3}% 19
\BOOKMARK [1][-]{section.3.3}{\376\377\000B\000a\000z\000a\000\040\000d\000a\000n\000y\000c\000h}{chapter.3}% 20
\BOOKMARK [1][-]{section.3.4}{\376\377\000H\000i\000e\000r\000a\000r\000c\000h\000i\000a\000\040\000p\000r\000o\000j\000e\000k\000t\000u}{chapter.3}% 21
\BOOKMARK [2][-]{subsection.3.4.1}{\376\377\000W\000a\000r\000s\000t\000w\000a\000\040\000D\000o\000s\000t\001\031\000p\000u\000\040\000d\000o\000\040\000D\000a\000n\000y\000c\000h\000\040\000\050\000D\000A\000O\000\051}{section.3.4}% 22
\BOOKMARK [2][-]{subsection.3.4.2}{\376\377\000W\000a\000r\000s\000t\000w\000a\000\040\000I\000n\000t\000e\000r\000f\000e\000j\000s\000u\000\040\000U\001\174\000y\000t\000k\000o\000w\000n\000i\000k\000a\000\040\000\050\000G\000U\000I\000\051}{section.3.4}% 23
\BOOKMARK [2][-]{subsection.3.4.3}{\376\377\000M\000o\000d\000e\000l\000e\000\040\000D\000a\000n\000y\000c\000h}{section.3.4}% 24
\BOOKMARK [1][-]{section.3.5}{\376\377\000W\000y\000m\000a\000g\000a\000n\000i\000a\000\040\000S\000y\000s\000t\000e\000m\000o\000w\000e}{chapter.3}% 25
\BOOKMARK [1][-]{section.3.6}{\376\377\000G\001\102\000\363\000w\000n\000e\000\040\000F\000u\000n\000k\000c\000j\000e\000\040\000A\000p\000l\000i\000k\000a\000c\000j\000i}{chapter.3}% 26
\BOOKMARK [1][-]{section.3.7}{\376\377\000S\000t\000r\000u\000k\000t\000u\000r\000a\000\040\000P\000r\000o\000j\000e\000k\000t\000u\000\040\000\050\000M\000V\000C\000\051}{chapter.3}% 27
\BOOKMARK [0][-]{chapter.4}{\376\377\000H\000a\000r\000m\000o\000n\000o\000g\000r\000a\000m\000\040\000r\000e\000a\000l\000i\000z\000a\000c\000j\000i\000\040\000p\000r\000o\000j\000e\000k\000t\000u}{}% 28
\BOOKMARK [0][-]{chapter.5}{\376\377\000P\000r\000e\000z\000e\000n\000t\000a\000c\000j\000a\000\040\000w\000a\000r\000s\000t\000w\000y\000\040\000u\001\174\000y\000t\000k\000o\000w\000e\000j\000\040\000p\000r\000o\000j\000e\000k\000t\000u}{}% 29
\BOOKMARK [1][-]{section.5.1}{\376\377\000M\000e\000n\000u\000G\000l\000o\000w\000n\000e}{chapter.5}% 30
\BOOKMARK [1][-]{section.5.2}{\376\377\000O\000k\000n\000o\000R\000e\000j\000e\000s\000t\000r\000a\000c\000j\000i}{chapter.5}% 31
\BOOKMARK [1][-]{section.5.3}{\376\377\000O\000k\000n\000o\000L\000o\000g\000o\000w\000a\000n\000i\000a}{chapter.5}% 32
\BOOKMARK [1][-]{section.5.4}{\376\377\000P\000a\000n\000e\000l\000U\000z\000y\000t\000k\000o\000w\000n\000i\000k\000a}{chapter.5}% 33
\BOOKMARK [2][-]{subsection.5.4.1}{\376\377\000M\000o\000j\000e\000\040\000p\000r\000o\000d\000u\000k\000t\000y}{section.5.4}% 34
\BOOKMARK [2][-]{subsection.5.4.2}{\376\377\000Z\000a\000r\000e\000z\000e\000r\000w\000u\000j\000\040\000m\000i\000e\000j\000s\000c\000e}{section.5.4}% 35
\BOOKMARK [2][-]{subsection.5.4.3}{\376\377\000Z\000a\000l\000e\000g\001\102\000e\000\040\000k\000a\000r\000y}{section.5.4}% 36
\BOOKMARK [2][-]{subsection.5.4.4}{\376\377\000C\000e\000n\000n\000i\000k}{section.5.4}% 37
\BOOKMARK [2][-]{subsection.5.4.5}{\376\377\000Z\000m\000i\000e\001\104\000\040\000d\000a\000n\000e}{section.5.4}% 38
\BOOKMARK [2][-]{subsection.5.4.6}{\376\377\000W\000y\000l\000o\000g\000u\000j}{section.5.4}% 39
\BOOKMARK [1][-]{section.5.5}{\376\377\000P\000a\000n\000e\000l\000A\000d\000m\000i\000n\000i\000s\000t\000r\000a\000t\000o\000r\000a}{chapter.5}% 40
\BOOKMARK [2][-]{subsection.5.5.1}{\376\377\000L\000i\000s\000t\000a\000\040\000u\001\174\000y\000t\000k\000o\000w\000n\000i\000k\000\363\000w}{section.5.5}% 41
\BOOKMARK [2][-]{subsection.5.5.2}{\376\377\000N\000a\000d\000a\000j\000\040\000u\000p\000r\000a\000w\000n\000i\000e\000n\000i\000a\000\040\000a\000d\000m\000i\000n\000a}{section.5.5}% 42
\BOOKMARK [2][-]{subsection.5.5.3}{\376\377\000P\000r\000z\000e\000k\000r\000o\000c\000z\000e\000n\000i\000a\000\040\000c\000z\000a\000s\000u}{section.5.5}% 43
\BOOKMARK [2][-]{subsection.5.5.4}{\376\377\000P\000r\000z\000y\000c\000h\000o\000d\000y\000\040\000m\000a\000g\000a\000z\000y\000n\000u}{section.5.5}% 44
\BOOKMARK [2][-]{subsection.5.5.5}{\376\377\000W\000y\000l\000o\000g\000u\000j}{section.5.5}% 45
\BOOKMARK [0][-]{chapter.6}{\376\377\000P\000o\000d\000s\000u\000m\000o\000w\000a\000n\000i\000e}{}% 46
\BOOKMARK [1][-]{section.6.1}{\376\377\000Z\000r\000e\000a\000l\000i\000z\000o\000w\000a\000n\000e\000\040\000e\000l\000e\000m\000e\000n\000t\000y}{chapter.6}% 47
\BOOKMARK [2][-]{subsection.6.1.1}{\376\377\000S\000y\000s\000t\000e\000m\000\040\000l\000o\000g\000o\000w\000a\000n\000i\000a\000\040\000i\000\040\000r\000e\000j\000e\000s\000t\000r\000a\000c\000j\000i}{section.6.1}% 48
\BOOKMARK [2][-]{subsection.6.1.2}{\376\377\000P\000a\000n\000e\000l\000\040\000u\001\174\000y\000t\000k\000o\000w\000n\000i\000k\000a}{section.6.1}% 49
\BOOKMARK [2][-]{subsection.6.1.3}{\376\377\000P\000a\000n\000e\000l\000\040\000a\000d\000m\000i\000n\000i\000s\000t\000r\000a\000t\000o\000r\000a}{section.6.1}% 50
\BOOKMARK [2][-]{subsection.6.1.4}{\376\377\000B\000a\000z\000a\000\040\000d\000a\000n\000y\000c\000h}{section.6.1}% 51
\BOOKMARK [2][-]{subsection.6.1.5}{\376\377\000I\000n\000t\000e\000r\000f\000e\000j\000s\000\040\000g\000r\000a\000f\000i\000c\000z\000n\000y\000\040\000\050\000G\000U\000I\000\051}{section.6.1}% 52
\BOOKMARK [1][-]{section.6.2}{\376\377\000M\000o\000z\000l\000i\000w\000e\000\040\000p\000r\000a\000c\000e\000\040\000r\000o\000z\000w\000o\000j\000o\000w\000e}{chapter.6}% 53
\BOOKMARK [2][-]{subsection.6.2.1}{\376\377\000B\000e\000z\000p\000i\000e\000c\000z\000e\001\104\000s\000t\000w\000o}{section.6.2}% 54
\BOOKMARK [2][-]{subsection.6.2.2}{\376\377\000R\000o\000z\000s\000z\000e\000r\000z\000e\000n\000i\000e\000\040\000f\000u\000n\000k\000c\000j\000o\000n\000a\000l\000n\000o\001\133\000c\000i\000\040\000m\000a\000g\000a\000z\000y\000n\000u}{section.6.2}% 55
\BOOKMARK [2][-]{subsection.6.2.3}{\376\377\000D\000o\000d\000a\000t\000k\000o\000w\000e\000\040\000m\000o\000d\000u\001\102\000y}{section.6.2}% 56
\BOOKMARK [1][-]{subsection.6.2.3}{\376\377\000B\000i\000b\000l\000i\000o\000g\000r\000a\000f\000i\000a}{chapter.6}% 57
\BOOKMARK [1][-]{chapter*.45}{\376\377\000S\000p\000i\000s\000\040\000r\000y\000s\000u\000n\000k\000\363\000w}{chapter.6}% 58
\BOOKMARK [1][-]{chapter*.45}{\376\377\000S\000p\000i\000s\000\040\000t\000a\000b\000e\000l}{chapter.6}% 59
\BOOKMARK [1][-]{chapter*.45}{\376\377\000S\000p\000i\000s\000\040\000l\000i\000s\000t\000i\000n\000g\000\363\000w}{chapter.6}% 60
\BOOKMARK [1][-]{chapter*.47}{\376\377\000O\001\133\000w\000i\000a\000d\000c\000z\000e\000n\000i\000e\000\040\000s\000t\000u\000d\000e\000n\000t\000a\000\040\000o\000\040\000s\000a\000m\000o\000d\000z\000i\000e\000l\000n\000o\001\133\000c\000i\000\040\000p\000r\000a\000c\000y}{chapter.6}% 61
