\BOOKMARK [0][-]{chapter.1}{\376\377\000S\000t\000r\000e\000s\000z\000c\000z\000e\000n\000i\000e}{}% 1
\BOOKMARK [1][-]{section.1.1}{\376\377\000S\000t\000r\000e\000s\000z\000c\000z\000e\000n\000i\000e\000\040\000p\000o\000\040\000p\000o\000l\000s\000k\000u}{chapter.1}% 2
\BOOKMARK [1][-]{section.1.2}{\376\377\000S\000u\000m\000m\000a\000r\000y\000\040\000i\000n\000\040\000e\000n\000g\000l\000i\000s\000h\000\040\000l\000a\000n\000g\000u\000a\000g\000e}{chapter.1}% 3
\BOOKMARK [0][-]{chapter.2}{\376\377\000Z\000a\001\102\000o\001\174\000e\000n\000i\000a\000\040\000p\000r\000o\000j\000e\000k\000t\000u}{}% 4
\BOOKMARK [1][-]{section.2.1}{\376\377\000P\000o\000d\000s\000t\000a\000w\000o\000w\000e\000\040\000m\000o\001\174\000l\000i\000w\000o\001\133\000c\000i\000\040\000a\000p\000l\000i\000k\000a\000c\000j\000i}{chapter.2}% 5
\BOOKMARK [1][-]{section.2.2}{\376\377\000J\000a\000k\000o\001\133\001\007\000\040\000i\000\040\000d\000o\001\133\000w\000i\000a\000d\000c\000z\000e\000n\000i\000e\000\040\000u\001\174\000y\000t\000k\000o\000w\000n\000i\000k\000a}{chapter.2}% 6
\BOOKMARK [0][-]{chapter.3}{\376\377\000O\000p\000i\000s\000\040\000s\000t\000r\000u\000k\000t\000u\000r\000y\000\040\000p\000r\000o\000j\000e\000k\000t\000u}{}% 7
\BOOKMARK [1][-]{section.3.1}{\376\377\000W\000y\000k\000o\000r\000z\000y\000s\000t\000a\000n\000e\000\040\000t\000e\000c\000h\000n\000o\000l\000o\000g\000i\000e\000\040\000i\000\040\000n\000a\000r\000z\001\031\000d\000z\000i\000a}{chapter.3}% 8
\BOOKMARK [1][-]{section.3.2}{\376\377\000A\000r\000c\000h\000i\000t\000e\000k\000t\000u\000r\000a\000\040\000i\000\040\000h\000i\000e\000r\000a\000r\000c\000h\000i\000a\000\040\000k\000l\000a\000s}{chapter.3}% 9
\BOOKMARK [1][-]{section.3.3}{\376\377\000B\000a\000z\000a\000\040\000d\000a\000n\000y\000c\000h}{chapter.3}% 10
\BOOKMARK [1][-]{section.3.4}{\376\377\000K\000l\000u\000c\000z\000o\000w\000e\000\040\000z\000a\000l\000e\001\174\000n\000o\001\133\000c\000i\000\040\000o\000r\000a\000z\000\040\000c\000h\000a\000r\000a\000k\000t\000e\000r\000y\000s\000t\000y\000k\000a\000\040\000a\000r\000c\000h\000i\000t\000e\000k\000t\000u\000r\000y}{chapter.3}% 11
\BOOKMARK [1][-]{section.3.5}{\376\377\000W\000y\000m\000a\000g\000a\000n\000i\000a\000\040\000s\000y\000s\000t\000e\000m\000o\000w\000e}{chapter.3}% 12
\BOOKMARK [0][-]{chapter.4}{\376\377\000H\000a\000r\000m\000o\000n\000o\000g\000r\000a\000m\000\040\000r\000e\000a\000l\000i\000z\000a\000c\000j\000i\000\040\000p\000r\000o\000j\000e\000k\000t\000u}{}% 13
\BOOKMARK [0][-]{chapter.5}{\376\377\000P\000r\000e\000z\000e\000n\000t\000a\000c\000j\000a\000\040\000w\000a\000r\000s\000t\000w\000y\000\040\000u\001\174\000y\000t\000k\000o\000w\000e\000j\000\040\000p\000r\000o\000j\000e\000k\000t\000u}{}% 14
\BOOKMARK [1][-]{section.5.1}{\376\377\000M\000e\000n\000u\000G\000l\000o\000w\000n\000e}{chapter.5}% 15
\BOOKMARK [1][-]{section.5.2}{\376\377\000O\000k\000n\000o\000R\000e\000j\000e\000s\000t\000r\000a\000c\000j\000i}{chapter.5}% 16
\BOOKMARK [1][-]{section.5.3}{\376\377\000O\000k\000n\000o\000L\000o\000g\000o\000w\000a\000n\000i\000a}{chapter.5}% 17
\BOOKMARK [1][-]{section.5.4}{\376\377\000P\000a\000n\000e\000l\000U\000z\000y\000t\000k\000o\000w\000n\000i\000k\000a}{chapter.5}% 18
\BOOKMARK [2][-]{subsection.5.4.1}{\376\377\000M\000o\000j\000e\000\040\000p\000r\000o\000d\000u\000k\000t\000y}{section.5.4}% 19
\BOOKMARK [2][-]{subsection.5.4.2}{\376\377\000Z\000a\000r\000e\000z\000e\000r\000w\000u\000j\000\040\000m\000i\000e\000j\000s\000c\000e}{section.5.4}% 20
\BOOKMARK [2][-]{subsection.5.4.3}{\376\377\000Z\000a\000l\000e\000g\001\102\000e\000\040\000k\000a\000r\000y}{section.5.4}% 21
\BOOKMARK [2][-]{subsection.5.4.4}{\376\377\000C\000e\000n\000n\000i\000k}{section.5.4}% 22
\BOOKMARK [2][-]{subsection.5.4.5}{\376\377\000Z\000m\000i\000e\001\104\000\040\000d\000a\000n\000e}{section.5.4}% 23
\BOOKMARK [2][-]{subsection.5.4.6}{\376\377\000W\000y\000l\000o\000g\000u\000j}{section.5.4}% 24
\BOOKMARK [1][-]{section.5.5}{\376\377\000P\000a\000n\000e\000l\000A\000d\000m\000i\000n\000i\000s\000t\000r\000a\000t\000o\000r\000a}{chapter.5}% 25
\BOOKMARK [2][-]{subsection.5.5.1}{\376\377\000L\000i\000s\000t\000a\000\040\000u\001\174\000y\000t\000k\000o\000w\000n\000i\000k\000\363\000w}{section.5.5}% 26
\BOOKMARK [2][-]{subsection.5.5.2}{\376\377\000N\000a\000d\000a\000j\000\040\000u\000p\000r\000a\000w\000n\000i\000e\000n\000i\000a\000\040\000a\000d\000m\000i\000n\000a}{section.5.5}% 27
\BOOKMARK [2][-]{subsection.5.5.3}{\376\377\000P\000r\000z\000e\000k\000r\000o\000c\000z\000e\000n\000i\000a\000\040\000c\000z\000a\000s\000u}{section.5.5}% 28
\BOOKMARK [2][-]{subsection.5.5.4}{\376\377\000P\000r\000z\000y\000c\000h\000o\000d\000y\000\040\000m\000a\000g\000a\000z\000y\000n\000u}{section.5.5}% 29
\BOOKMARK [2][-]{subsection.5.5.5}{\376\377\000W\000y\000l\000o\000g\000u\000j}{section.5.5}% 30
\BOOKMARK [0][-]{chapter.6}{\376\377\000I\000m\000p\000l\000e\000m\000e\000n\000t\000a\000c\000j\000a\000\040\000i\000\040\000p\000r\000z\000y\000k\001\102\000a\000d\000o\000w\000e\000\040\000f\000r\000a\000g\000m\000e\000n\000t\000y\000\040\000k\000o\000d\000u}{}% 31
\BOOKMARK [0][-]{chapter.7}{\376\377\000P\000o\000d\000s\000u\000m\000o\000w\000a\000n\000i\000e}{}% 32
\BOOKMARK [1][-]{section.7.1}{\376\377\000Z\000r\000e\000a\000l\000i\000z\000o\000w\000a\000n\000e\000\040\000e\000l\000e\000m\000e\000n\000t\000y}{chapter.7}% 33
\BOOKMARK [1][-]{section.7.2}{\376\377\000M\000o\000z\000l\000i\000w\000e\000\040\000p\000r\000a\000c\000e\000\040\000r\000o\000z\000w\000o\000j\000o\000w\000e}{chapter.7}% 34
\BOOKMARK [1][-]{section.7.2}{\376\377\000B\000i\000b\000l\000i\000o\000g\000r\000a\000f\000i\000a}{chapter.7}% 35
\BOOKMARK [1][-]{chapter*.45}{\376\377\000S\000p\000i\000s\000\040\000r\000y\000s\000u\000n\000k\000\363\000w}{chapter.7}% 36
\BOOKMARK [1][-]{chapter*.45}{\376\377\000S\000p\000i\000s\000\040\000t\000a\000b\000e\000l}{chapter.7}% 37
\BOOKMARK [1][-]{chapter*.45}{\376\377\000S\000p\000i\000s\000\040\000l\000i\000s\000t\000i\000n\000g\000\363\000w}{chapter.7}% 38
\BOOKMARK [1][-]{chapter*.47}{\376\377\000O\001\133\000w\000i\000a\000d\000c\000z\000e\000n\000i\000e\000\040\000s\000t\000u\000d\000e\000n\000t\000a\000\040\000o\000\040\000s\000a\000m\000o\000d\000z\000i\000e\000l\000n\000o\001\133\000c\000i\000\040\000p\000r\000a\000c\000y}{chapter.7}% 39
